[01m[K/home/ubuntu/workspace/robotics_v1/src/robo_miner/robo_miner_controller/src/robo_miner_controller.cpp:[m[K In member function â€˜[01m[Kvoid RoboMinerControler::getInitailInfo()[m[Kâ€™:
[01m[K/home/ubuntu/workspace/robotics_v1/src/robo_miner/robo_miner_controller/src/robo_miner_controller.cpp:56:5:[m[K [01;31m[Kerror: [m[Kâ€˜[01m[KRobotMoverLogistics[m[Kâ€™ was not declared in this scope
   56 |     [01;31m[KRobotMoverLogistics[m[K logistics(resp);
      |     [01;31m[K^~~~~~~~~~~~~~~~~~~[m[K
[01m[K/home/ubuntu/workspace/robotics_v1/src/robo_miner/robo_miner_controller/src/robo_miner_controller.cpp:[m[K In member function â€˜[01m[Kvoid RoboMinerControler::robotMove(uint8_t)[m[Kâ€™:
[01m[K/home/ubuntu/workspace/robotics_v1/src/robo_miner/robo_miner_controller/src/robo_miner_controller.cpp:79:5:[m[K [01;31m[Kerror: [m[Kâ€˜[01m[KRobotMoverLogistics[m[Kâ€™ was not declared in this scope
   79 |     [01;31m[KRobotMoverLogistics[m[K logistics(dirrection,resp);
      |     [01;31m[K^~~~~~~~~~~~~~~~~~~[m[K
make[2]: *** [CMakeFiles/robo_miner_controller.dir/build.make:63: CMakeFiles/robo_miner_controller.dir/src/robo_miner_controller.cpp.o] Error 1
make[1]: *** [CMakeFiles/Makefile2:78: CMakeFiles/robo_miner_controller.dir/all] Error 2
make: *** [Makefile:141: all] Error 2
