[100%] Built target resource_utils
-- Install configuration: "Debug"
-- Up-to-date: /home/ubuntu/workspace/robotics_v1/install/resource_utils/share/resource_utils/package.xml
-- Up-to-date: /home/ubuntu/workspace/robotics_v1/install/resource_utils/lib/resource_utils/libresource_utils.a
-- Installing: /home/ubuntu/workspace/robotics_v1/install/resource_utils/share/ament_index/resource_index/packages/resource_utils
-- Up-to-date: /home/ubuntu/workspace/robotics_v1/install/resource_utils/share/resource_utils/hook/ament_prefix_path.dsv
-- Up-to-date: /home/ubuntu/workspace/robotics_v1/install/resource_utils/share/resource_utils/hook/ros_package_path.dsv
-- Up-to-date: /home/ubuntu/workspace/robotics_v1/install/resource_utils/share/ament_index/resource_index/package_run_dependencies/resource_utils
-- Up-to-date: /home/ubuntu/workspace/robotics_v1/install/resource_utils/share/ament_index/resource_index/parent_prefix_path/resource_utils
-- Up-to-date: /home/ubuntu/workspace/robotics_v1/install/resource_utils/share/resource_utils/environment/ament_prefix_path.sh
-- Up-to-date: /home/ubuntu/workspace/robotics_v1/install/resource_utils/share/resource_utils/environment/ament_prefix_path.dsv
-- Up-to-date: /home/ubuntu/workspace/robotics_v1/install/resource_utils/share/resource_utils/environment/path.sh
-- Up-to-date: /home/ubuntu/workspace/robotics_v1/install/resource_utils/share/resource_utils/environment/path.dsv
-- Up-to-date: /home/ubuntu/workspace/robotics_v1/install/resource_utils/share/resource_utils/local_setup.bash
-- Up-to-date: /home/ubuntu/workspace/robotics_v1/install/resource_utils/share/resource_utils/local_setup.sh
-- Up-to-date: /home/ubuntu/workspace/robotics_v1/install/resource_utils/share/resource_utils/local_setup.zsh
-- Up-to-date: /home/ubuntu/workspace/robotics_v1/install/resource_utils/share/resource_utils/local_setup.dsv
-- Installing: /home/ubuntu/workspace/robotics_v1/install/resource_utils/share/resource_utils/package.dsv
-- Installing: /home/ubuntu/workspace/robotics_v1/install/resource_utils/share/ament_index/resource_index/packages/resource_utils
-- Up-to-date: /home/ubuntu/workspace/robotics_v1/install/resource_utils/share/resource_utils/cmake/resource_utilsConfig.cmake
-- Up-to-date: /home/ubuntu/workspace/robotics_v1/install/resource_utils/share/resource_utils/cmake/resource_utilsConfig-version.cmake
-- Up-to-date: /home/ubuntu/workspace/robotics_v1/install/resource_utils/share/resource_utils/package.xml
-- Up-to-date: /home/ubuntu/workspace/robotics_v1/install/resource_utils/lib/libresource_utils.a
-- Up-to-date: /home/ubuntu/workspace/robotics_v1/install/resource_utils/include
-- Up-to-date: /home/ubuntu/workspace/robotics_v1/install/resource_utils/include/resource_utils
-- Up-to-date: /home/ubuntu/workspace/robotics_v1/install/resource_utils/include/resource_utils/structs
-- Up-to-date: /home/ubuntu/workspace/robotics_v1/install/resource_utils/include/resource_utils/structs/ResourceData.h
-- Up-to-date: /home/ubuntu/workspace/robotics_v1/install/resource_utils/include/resource_utils/structs/FontData.h
-- Up-to-date: /home/ubuntu/workspace/robotics_v1/install/resource_utils/include/resource_utils/structs/DataHeader.h
-- Up-to-date: /home/ubuntu/workspace/robotics_v1/install/resource_utils/include/resource_utils/structs/SoundData.h
-- Up-to-date: /home/ubuntu/workspace/robotics_v1/install/resource_utils/include/resource_utils/structs/CombinedStructs.h
-- Up-to-date: /home/ubuntu/workspace/robotics_v1/install/resource_utils/include/resource_utils/common
-- Up-to-date: /home/ubuntu/workspace/robotics_v1/install/resource_utils/include/resource_utils/common/ResourceFileHeader.h
-- Up-to-date: /home/ubuntu/workspace/robotics_v1/install/resource_utils/include/resource_utils/defines
-- Up-to-date: /home/ubuntu/workspace/robotics_v1/install/resource_utils/include/resource_utils/defines/ResourceDefines.h
-- Up-to-date: /home/ubuntu/workspace/robotics_v1/install/resource_utils/include/resource_utils/defines/SoundDefines.h
-- Up-to-date: /home/ubuntu/workspace/robotics_v1/install/resource_utils/include/resource_utils/resource_loader
-- Up-to-date: /home/ubuntu/workspace/robotics_v1/install/resource_utils/include/resource_utils/resource_loader/ResourceLoader.h
-- Up-to-date: /home/ubuntu/workspace/robotics_v1/install/resource_utils/lib/cmake/resource_utils/resource_utilsTargets.cmake
-- Up-to-date: /home/ubuntu/workspace/robotics_v1/install/resource_utils/lib/cmake/resource_utils/resource_utilsTargets-debug.cmake
-- Up-to-date: /home/ubuntu/workspace/robotics_v1/install/resource_utils/lib/cmake/resource_utils/resource_utilsConfig.cmake
Traceback (most recent call last):
  File "/usr/lib/python3/dist-packages/colcon_parallel_executor/executor/parallel.py", line 67, in execute
    loop.run_until_complete(future)
  File "/usr/lib/python3.8/asyncio/base_events.py", line 603, in run_until_complete
    self.run_forever()
  File "/usr/lib/python3.8/asyncio/base_events.py", line 570, in run_forever
    self._run_once()
  File "/usr/lib/python3.8/asyncio/base_events.py", line 1823, in _run_once
    event_list = self._selector.select(timeout)
  File "/usr/lib/python3.8/selectors.py", line 468, in select
    fd_event_list = self._selector.poll(timeout, max_ev)
KeyboardInterrupt

During handling of the above exception, another exception occurred:

Traceback (most recent call last):
  File "/usr/lib/python3/dist-packages/colcon_core/executor/__init__.py", line 91, in __call__
    rc = await self.task(*args, **kwargs)
  File "/usr/lib/python3/dist-packages/colcon_core/task/__init__.py", line 93, in __call__
    return await task_method(*args, **kwargs)
  File "/usr/lib/python3/dist-packages/colcon_ros/task/cmake/build.py", line 40, in build
    has_install_target = await has_target(args.build_base, 'install')
  File "/usr/lib/python3/dist-packages/colcon_cmake/task/cmake/__init__.py", line 57, in has_target
    return target in await get_makefile_targets(path)
  File "/usr/lib/python3/dist-packages/colcon_cmake/task/cmake/__init__.py", line 77, in get_makefile_targets
    output = await check_output([
  File "/usr/lib/python3/dist-packages/colcon_core/subprocess.py", line 128, in check_output
    assert not rc, f'Expected {args} to pass: {stderr_data}'
AssertionError: Expected ['/usr/bin/cmake', '--build', '/home/ubuntu/workspace/robotics_v1/build/resource_utils', '--target', 'help'] to pass: make: *** wait: No child processes.  Stop.
make: *** Waiting for unfinished jobs....
make: *** wait: No child processes.  Stop.
make: *** [Makefile:435: help] Error 2

