[100%] Built target robo_common
-- Install configuration: "Debug"
-- Up-to-date: /home/ubuntu/workspace/robotics_v1/install/robo_common/share/robo_common/package.xml
-- Up-to-date: /home/ubuntu/workspace/robotics_v1/install/robo_common/lib/robo_common/librobo_common.a
-- Installing: /home/ubuntu/workspace/robotics_v1/install/robo_common/share/ament_index/resource_index/packages/robo_common
-- Up-to-date: /home/ubuntu/workspace/robotics_v1/install/robo_common/share/robo_common/hook/ament_prefix_path.dsv
-- Up-to-date: /home/ubuntu/workspace/robotics_v1/install/robo_common/share/robo_common/hook/ros_package_path.dsv
-- Up-to-date: /home/ubuntu/workspace/robotics_v1/install/robo_common/share/ament_index/resource_index/package_run_dependencies/robo_common
-- Up-to-date: /home/ubuntu/workspace/robotics_v1/install/robo_common/share/ament_index/resource_index/parent_prefix_path/robo_common
-- Up-to-date: /home/ubuntu/workspace/robotics_v1/install/robo_common/share/robo_common/environment/ament_prefix_path.sh
-- Up-to-date: /home/ubuntu/workspace/robotics_v1/install/robo_common/share/robo_common/environment/ament_prefix_path.dsv
-- Up-to-date: /home/ubuntu/workspace/robotics_v1/install/robo_common/share/robo_common/environment/path.sh
-- Up-to-date: /home/ubuntu/workspace/robotics_v1/install/robo_common/share/robo_common/environment/path.dsv
-- Up-to-date: /home/ubuntu/workspace/robotics_v1/install/robo_common/share/robo_common/local_setup.bash
-- Up-to-date: /home/ubuntu/workspace/robotics_v1/install/robo_common/share/robo_common/local_setup.sh
-- Up-to-date: /home/ubuntu/workspace/robotics_v1/install/robo_common/share/robo_common/local_setup.zsh
-- Up-to-date: /home/ubuntu/workspace/robotics_v1/install/robo_common/share/robo_common/local_setup.dsv
-- Installing: /home/ubuntu/workspace/robotics_v1/install/robo_common/share/robo_common/package.dsv
-- Installing: /home/ubuntu/workspace/robotics_v1/install/robo_common/share/ament_index/resource_index/packages/robo_common
-- Up-to-date: /home/ubuntu/workspace/robotics_v1/install/robo_common/share/robo_common/cmake/robo_commonConfig.cmake
-- Up-to-date: /home/ubuntu/workspace/robotics_v1/install/robo_common/share/robo_common/cmake/robo_commonConfig-version.cmake
-- Up-to-date: /home/ubuntu/workspace/robotics_v1/install/robo_common/share/robo_common/package.xml
-- Up-to-date: /home/ubuntu/workspace/robotics_v1/install/robo_common/lib/librobo_common.a
-- Up-to-date: /home/ubuntu/workspace/robotics_v1/install/robo_common/include
-- Up-to-date: /home/ubuntu/workspace/robotics_v1/install/robo_common/include/robo_common
-- Up-to-date: /home/ubuntu/workspace/robotics_v1/install/robo_common/include/robo_common/helpers
-- Up-to-date: /home/ubuntu/workspace/robotics_v1/install/robo_common/include/robo_common/helpers/CollisionWatcher.h
-- Up-to-date: /home/ubuntu/workspace/robotics_v1/install/robo_common/include/robo_common/helpers/CollisionObject.h
-- Up-to-date: /home/ubuntu/workspace/robotics_v1/install/robo_common/include/robo_common/helpers/LevelFileLoader.h
-- Up-to-date: /home/ubuntu/workspace/robotics_v1/install/robo_common/include/robo_common/layout
-- Up-to-date: /home/ubuntu/workspace/robotics_v1/install/robo_common/include/robo_common/layout/helpers
-- Up-to-date: /home/ubuntu/workspace/robotics_v1/install/robo_common/include/robo_common/layout/helpers/RoboCommonLayoutInterfaces.h
-- Up-to-date: /home/ubuntu/workspace/robotics_v1/install/robo_common/include/robo_common/layout/helpers/RoboCommonLayoutInitHelper.h
-- Up-to-date: /home/ubuntu/workspace/robotics_v1/install/robo_common/include/robo_common/layout/panels
-- Up-to-date: /home/ubuntu/workspace/robotics_v1/install/robo_common/include/robo_common/layout/panels/NumberCounterPanel.h
-- Up-to-date: /home/ubuntu/workspace/robotics_v1/install/robo_common/include/robo_common/layout/panels/IndicatorPanel.h
-- Up-to-date: /home/ubuntu/workspace/robotics_v1/install/robo_common/include/robo_common/layout/panels/TimePanel.h
-- Up-to-date: /home/ubuntu/workspace/robotics_v1/install/robo_common/include/robo_common/layout/panels/config
-- Up-to-date: /home/ubuntu/workspace/robotics_v1/install/robo_common/include/robo_common/layout/panels/config/NumberCounterPanelConfig.h
-- Up-to-date: /home/ubuntu/workspace/robotics_v1/install/robo_common/include/robo_common/layout/panels/config/TimePanelConfig.h
-- Up-to-date: /home/ubuntu/workspace/robotics_v1/install/robo_common/include/robo_common/layout/panels/config/IndicatorPanelConfig.h
-- Up-to-date: /home/ubuntu/workspace/robotics_v1/install/robo_common/include/robo_common/layout/config
-- Up-to-date: /home/ubuntu/workspace/robotics_v1/install/robo_common/include/robo_common/layout/config/RoboCommonLayoutConfig.h
-- Up-to-date: /home/ubuntu/workspace/robotics_v1/install/robo_common/include/robo_common/layout/RoboCommonLayout.h
-- Up-to-date: /home/ubuntu/workspace/robotics_v1/install/robo_common/include/robo_common/layout/field
-- Up-to-date: /home/ubuntu/workspace/robotics_v1/install/robo_common/include/robo_common/layout/field/fog_of_war
-- Up-to-date: /home/ubuntu/workspace/robotics_v1/install/robo_common/include/robo_common/layout/field/fog_of_war/FogCollisionObject.h
-- Up-to-date: /home/ubuntu/workspace/robotics_v1/install/robo_common/include/robo_common/layout/field/fog_of_war/FogOfWar.h
-- Up-to-date: /home/ubuntu/workspace/robotics_v1/install/robo_common/include/robo_common/layout/field/Tile.h
-- Up-to-date: /home/ubuntu/workspace/robotics_v1/install/robo_common/include/robo_common/layout/field/config
-- Up-to-date: /home/ubuntu/workspace/robotics_v1/install/robo_common/include/robo_common/layout/field/config/TileConfig.h
-- Up-to-date: /home/ubuntu/workspace/robotics_v1/install/robo_common/include/robo_common/layout/field/config/FieldConfig.h
-- Up-to-date: /home/ubuntu/workspace/robotics_v1/install/robo_common/include/robo_common/layout/field/config/ObstacleHandlerConfig.h
-- Up-to-date: /home/ubuntu/workspace/robotics_v1/install/robo_common/include/robo_common/layout/field/config/FogOfWarConfig.h
-- Up-to-date: /home/ubuntu/workspace/robotics_v1/install/robo_common/include/robo_common/layout/field/ObjectApproachOverlay.h
-- Up-to-date: /home/ubuntu/workspace/robotics_v1/install/robo_common/include/robo_common/layout/field/obstacles
-- Up-to-date: /home/ubuntu/workspace/robotics_v1/install/robo_common/include/robo_common/layout/field/obstacles/ObstacleHandler.h
-- Up-to-date: /home/ubuntu/workspace/robotics_v1/install/robo_common/include/robo_common/layout/field/obstacles/Obstacle.h
-- Up-to-date: /home/ubuntu/workspace/robotics_v1/install/robo_common/include/robo_common/layout/field/Field.h
-- Up-to-date: /home/ubuntu/workspace/robotics_v1/install/robo_common/include/robo_common/layout/field/FieldPos.h
-- Up-to-date: /home/ubuntu/workspace/robotics_v1/install/robo_common/include/robo_common/layout/field/FieldUtils.h
-- Up-to-date: /home/ubuntu/workspace/robotics_v1/install/robo_common/include/robo_common/layout/entities
-- Up-to-date: /home/ubuntu/workspace/robotics_v1/install/robo_common/include/robo_common/layout/entities/robot
-- Up-to-date: /home/ubuntu/workspace/robotics_v1/install/robo_common/include/robo_common/layout/entities/robot/helpers
-- Up-to-date: /home/ubuntu/workspace/robotics_v1/install/robo_common/include/robo_common/layout/entities/robot/helpers/RobotInitHelper.h
-- Up-to-date: /home/ubuntu/workspace/robotics_v1/install/robo_common/include/robo_common/layout/entities/robot/helpers/RobotUtils.h
-- Up-to-date: /home/ubuntu/workspace/robotics_v1/install/robo_common/include/robo_common/layout/entities/robot/helpers/RobotActInterface.h
-- Up-to-date: /home/ubuntu/workspace/robotics_v1/install/robo_common/include/robo_common/layout/entities/robot/Robot.h
-- Up-to-date: /home/ubuntu/workspace/robotics_v1/install/robo_common/include/robo_common/layout/entities/robot/config
-- Up-to-date: /home/ubuntu/workspace/robotics_v1/install/robo_common/include/robo_common/layout/entities/robot/config/RobotBaseConfig.h
-- Up-to-date: /home/ubuntu/workspace/robotics_v1/install/robo_common/include/robo_common/layout/entities/robot/animation
-- Up-to-date: /home/ubuntu/workspace/robotics_v1/install/robo_common/include/robo_common/layout/entities/robot/animation/PlayerDamageAnimEndCb.h
-- Up-to-date: /home/ubuntu/workspace/robotics_v1/install/robo_common/include/robo_common/layout/entities/robot/animation/RobotAnimator.h
-- Up-to-date: /home/ubuntu/workspace/robotics_v1/install/robo_common/include/robo_common/layout/entities/robot/animation/RobotAnimEndCb.h
-- Up-to-date: /home/ubuntu/workspace/robotics_v1/install/robo_common/include/robo_common/layout/debug
-- Up-to-date: /home/ubuntu/workspace/robotics_v1/install/robo_common/include/robo_common/layout/debug/config
-- Up-to-date: /home/ubuntu/workspace/robotics_v1/install/robo_common/include/robo_common/layout/debug/config/DebugFieldConfig.h
-- Up-to-date: /home/ubuntu/workspace/robotics_v1/install/robo_common/include/robo_common/layout/debug/DebugField.h
-- Up-to-date: /home/ubuntu/workspace/robotics_v1/install/robo_common/include/robo_common/layout/animators
-- Up-to-date: /home/ubuntu/workspace/robotics_v1/install/robo_common/include/robo_common/layout/animators/EndScreenAppearAnimator.h
-- Up-to-date: /home/ubuntu/workspace/robotics_v1/install/robo_common/include/robo_common/layout/animators/config
-- Up-to-date: /home/ubuntu/workspace/robotics_v1/install/robo_common/include/robo_common/layout/animators/config/AchievementAnimatorConfig.h
-- Up-to-date: /home/ubuntu/workspace/robotics_v1/install/robo_common/include/robo_common/layout/animators/config/GameEndAnimatorConfig.h
-- Up-to-date: /home/ubuntu/workspace/robotics_v1/install/robo_common/include/robo_common/layout/animators/config/HelpPageAnimatorConfig.h
-- Up-to-date: /home/ubuntu/workspace/robotics_v1/install/robo_common/include/robo_common/layout/animators/GameEndAnimator.h
-- Up-to-date: /home/ubuntu/workspace/robotics_v1/install/robo_common/include/robo_common/layout/animators/HelpPageAnimator.h
-- Up-to-date: /home/ubuntu/workspace/robotics_v1/install/robo_common/include/robo_common/layout/animators/CountdownAnimator.h
-- Up-to-date: /home/ubuntu/workspace/robotics_v1/install/robo_common/include/robo_common/layout/animators/AchievementAnimator.h
-- Up-to-date: /home/ubuntu/workspace/robotics_v1/install/robo_common/include/robo_common/defines
-- Up-to-date: /home/ubuntu/workspace/robotics_v1/install/robo_common/include/robo_common/defines/RoboCommonFunctionalDefines.h
-- Up-to-date: /home/ubuntu/workspace/robotics_v1/install/robo_common/include/robo_common/defines/RoboCommonDefines.h
-- Up-to-date: /home/ubuntu/workspace/robotics_v1/install/robo_common/lib/cmake/robo_common/robo_commonTargets.cmake
-- Up-to-date: /home/ubuntu/workspace/robotics_v1/install/robo_common/lib/cmake/robo_common/robo_commonTargets-debug.cmake
-- Up-to-date: /home/ubuntu/workspace/robotics_v1/install/robo_common/lib/cmake/robo_common/robo_commonConfig.cmake
Traceback (most recent call last):
  File "/usr/lib/python3/dist-packages/colcon_parallel_executor/executor/parallel.py", line 67, in execute
    loop.run_until_complete(future)
  File "/usr/lib/python3.8/asyncio/base_events.py", line 603, in run_until_complete
    self.run_forever()
  File "/usr/lib/python3.8/asyncio/base_events.py", line 570, in run_forever
    self._run_once()
KeyboardInterrupt

During handling of the above exception, another exception occurred:

Traceback (most recent call last):
  File "/usr/lib/python3/dist-packages/colcon_core/executor/__init__.py", line 91, in __call__
    rc = await self.task(*args, **kwargs)
  File "/usr/lib/python3/dist-packages/colcon_core/task/__init__.py", line 93, in __call__
    return await task_method(*args, **kwargs)
  File "/usr/lib/python3/dist-packages/colcon_ros/task/cmake/build.py", line 40, in build
    has_install_target = await has_target(args.build_base, 'install')
  File "/usr/lib/python3/dist-packages/colcon_cmake/task/cmake/__init__.py", line 57, in has_target
    return target in await get_makefile_targets(path)
  File "/usr/lib/python3/dist-packages/colcon_cmake/task/cmake/__init__.py", line 77, in get_makefile_targets
    output = await check_output([
  File "/usr/lib/python3/dist-packages/colcon_core/subprocess.py", line 128, in check_output
    assert not rc, f'Expected {args} to pass: {stderr_data}'
AssertionError: Expected ['/usr/bin/cmake', '--build', '/home/ubuntu/workspace/robotics_v1/build/robo_common', '--target', 'help'] to pass: make: *** [Makefile:965: help] Interrupt

