[0.046s] Invoking command in '/home/ubuntu/workspace/robotics_v1/build/robo_miner_controller': AMENT_PREFIX_PATH=/home/ubuntu/workspace/robotics_v1/install/robo_miner_interfaces:${AMENT_PREFIX_PATH} CMAKE_PREFIX_PATH=/home/ubuntu/workspace/robotics_v1/install/robo_miner_interfaces:/opt/ros/foxy LD_LIBRARY_PATH=/home/ubuntu/workspace/robotics_v1/install/robo_miner_interfaces/lib:${LD_LIBRARY_PATH} PYTHONPATH=/home/ubuntu/workspace/robotics_v1/install/robo_miner_interfaces/lib/python3.8/site-packages:${PYTHONPATH} /usr/bin/cmake --build /home/ubuntu/workspace/robotics_v1/build/robo_miner_controller -- -j4 -l4
[0.167s] [35m[1mScanning dependencies of target robo_miner_controller[0m
[0.264s] [ 50%] [32mBuilding CXX object CMakeFiles/robo_miner_controller.dir/src/robo_miner_controller.cpp.o[0m
[2.952s] In file included from [01m[K/home/ubuntu/workspace/robotics_v1/src/robo_miner/robo_miner_controller/include/robo_miner_controller/RobotMoveLogistics/RobotMoveLogistics.hpp:4[m[K,
[2.952s]                  from [01m[K/home/ubuntu/workspace/robotics_v1/src/robo_miner/robo_miner_controller/src/robo_miner_controller.cpp:15[m[K:
[2.953s] [01m[K/home/ubuntu/workspace/robotics_v1/src/robo_miner/robo_miner_controller/include/robo_miner_controller/MapNode/MapNode.hpp:[m[K In constructor â€˜[01m[KMapNode::MapNode(char, bool)[m[Kâ€™:
[2.953s] [01m[K/home/ubuntu/workspace/robotics_v1/src/robo_miner/robo_miner_controller/include/robo_miner_controller/MapNode/MapNode.hpp:13:11:[m[K [01;35m[Kwarning: [m[Kâ€˜[01m[KMapNode::fieldtype[m[Kâ€™ will be initialized after [[01;35m[K-Wreorder[m[K]
[2.953s]    13 | FieldType [01;35m[Kfieldtype[m[K;
[2.954s]       |           [01;35m[K^~~~~~~~~[m[K
[2.954s] [01m[K/home/ubuntu/workspace/robotics_v1/src/robo_miner/robo_miner_controller/include/robo_miner_controller/MapNode/MapNode.hpp:11:6:[m[K [01;35m[Kwarning: [m[K  â€˜[01m[Kbool MapNode::visited[m[Kâ€™ [[01;35m[K-Wreorder[m[K]
[2.954s]    11 | bool [01;35m[Kvisited[m[K;
[2.954s]       |      [01;35m[K^~~~~~~[m[K
[2.955s] [01m[K/home/ubuntu/workspace/robotics_v1/src/robo_miner/robo_miner_controller/include/robo_miner_controller/MapNode/MapNode.hpp:15:2:[m[K [01;35m[Kwarning: [m[K  when initialized here [[01;35m[K-Wreorder[m[K]
[2.955s]    15 |  [01;35m[KMapNode[m[K(char fieldtype,bool visited = false):fieldtype(getCrystalType(fieldtype)),visited(visited){
[2.955s]       |  [01;35m[K^~~~~~~[m[K
[3.017s] [01m[K/home/ubuntu/workspace/robotics_v1/src/robo_miner/robo_miner_controller/src/robo_miner_controller.cpp:[m[K In member function â€˜[01m[Kvoid RoboMinerControler::getInitailInfo()[m[Kâ€™:
[3.017s] [01m[K/home/ubuntu/workspace/robotics_v1/src/robo_miner/robo_miner_controller/src/robo_miner_controller.cpp:57:24:[m[K [01;35m[Kwarning: [m[Kunnecessary parentheses in declaration of â€˜[01m[Kresp[m[Kâ€™ [[01;35m[K-Wparentheses[m[K]
[3.018s]    57 |     RobotMoverLogistics[01;35m[K([m[Kresp);
[3.018s]       |                        [01;35m[K^[m[K
[3.018s] [01m[K/home/ubuntu/workspace/robotics_v1/src/robo_miner/robo_miner_controller/src/robo_miner_controller.cpp:57:25:[m[K [01;31m[Kerror: [m[Kconflicting declaration â€˜[01m[KRobotMoverLogistics resp[m[Kâ€™
[3.019s]    57 |     RobotMoverLogistics([01;31m[Kresp[m[K);
[3.019s]       |                         [01;31m[K^~~~[m[K
[3.019s] [01m[K/home/ubuntu/workspace/robotics_v1/src/robo_miner/robo_miner_controller/src/robo_miner_controller.cpp:56:34:[m[K [01;36m[Knote: [m[Kprevious declaration as â€˜[01m[Krobo_miner_interfaces::srv::QueryInitialRobotPosition_Response_<std::allocator<void> >::SharedPtr resp[m[Kâ€™
[3.020s]    56 |     Initial::Response::SharedPtr [01;36m[Kresp[m[K = result.get();
[3.020s]       |                                  [01;36m[K^~~~[m[K
[4.645s] make[2]: *** [CMakeFiles/robo_miner_controller.dir/build.make:63: CMakeFiles/robo_miner_controller.dir/src/robo_miner_controller.cpp.o] Error 1
[4.645s] make[1]: *** [CMakeFiles/Makefile2:78: CMakeFiles/robo_miner_controller.dir/all] Error 2
[4.646s] make: *** [Makefile:141: all] Error 2
[4.649s] Invoked command in '/home/ubuntu/workspace/robotics_v1/build/robo_miner_controller' returned '2': AMENT_PREFIX_PATH=/home/ubuntu/workspace/robotics_v1/install/robo_miner_interfaces:${AMENT_PREFIX_PATH} CMAKE_PREFIX_PATH=/home/ubuntu/workspace/robotics_v1/install/robo_miner_interfaces:/opt/ros/foxy LD_LIBRARY_PATH=/home/ubuntu/workspace/robotics_v1/install/robo_miner_interfaces/lib:${LD_LIBRARY_PATH} PYTHONPATH=/home/ubuntu/workspace/robotics_v1/install/robo_miner_interfaces/lib/python3.8/site-packages:${PYTHONPATH} /usr/bin/cmake --build /home/ubuntu/workspace/robotics_v1/build/robo_miner_controller -- -j4 -l4
