[01m[K/home/ubuntu/workspace/robotics_v1/src/robo_miner/robo_miner_controller/src/robo_miner_controller.cpp:[m[K In member function â€˜[01m[Kvoid RoboMinerController::send(uint8_t)[m[Kâ€™:
[01m[K/home/ubuntu/workspace/robotics_v1/src/robo_miner/robo_miner_controller/src/robo_miner_controller.cpp:33:17:[m[K [01;31m[Kerror: [m[Krequest for member â€˜[01m[Kget[m[Kâ€™ in â€˜[01m[Kresponse[m[Kâ€™, which is of non-class type â€˜[01m[Kstd::future_status[m[Kâ€™
   33 |     if(response.[01;31m[Kget[m[K()==nullptr){
      |                 [01;31m[K^~~[m[K
make[2]: *** [CMakeFiles/robo_miner_controller.dir/build.make:63: CMakeFiles/robo_miner_controller.dir/src/robo_miner_controller.cpp.o] Error 1
make[1]: *** [CMakeFiles/Makefile2:78: CMakeFiles/robo_miner_controller.dir/all] Error 2
make: *** [Makefile:141: all] Error 2
